{"level":"info","message":"lucas","timestamp":"2022-03-28 01:26:13.770 PM"}
{"level":"info","message":"mail bien envoyé","timestamp":"2022-03-28 01:26:16.714 PM"}
{"level":"info","message":"DSFSDF","timestamp":"2022-03-28 01:41:25.611 PM"}
{"level":"info","message":"mail bien envoyé","timestamp":"2022-03-28 01:41:28.146 PM"}
{"level":"info","message":"celine","timestamp":"2022-03-28 06:01:31.561 PM"}
{"level":"info","message":"mail bien envoyé","timestamp":"2022-03-28 06:01:34.311 PM"}
{"level":"info","message":"lucas","timestamp":"2022-03-29 10:12:58.567 AM"}
{"level":"info","message":"mail bien envoyé","timestamp":"2022-03-29 10:13:01.566 AM"}
{"level":"info","message":"testdelafin","timestamp":"2022-03-29 02:36:17.146 PM"}
{"level":"info","message":"mail bien envoyé","timestamp":"2022-03-29 02:36:21.326 PM"}
{"level":"info","message":"lucas","timestamp":"2022-03-29 02:47:48.984 PM"}
{"level":"info","message":"mail bien envoyé","timestamp":"2022-03-29 02:47:52.136 PM"}
{"level":"info","message":"321","timestamp":"2022-04-01 02:44:52.982 PM"}
{"level":"info","message":"mail bien envoyé","timestamp":"2022-04-01 02:44:55.308 PM"}
{"level":"info","message":"tamer","timestamp":"2022-04-01 02:50:53.027 PM"}
{"level":"info","message":"mail bien envoyé","timestamp":"2022-04-01 02:50:55.307 PM"}
{"level":"info","message":"test","timestamp":"2022-04-01 02:55:17.533 PM"}
{"level":"info","message":"mail bien envoyé","timestamp":"2022-04-01 02:55:19.528 PM"}
{"level":"info","message":"test","timestamp":"2022-04-01 03:04:44.908 PM"}
{"level":"info","message":"mail bien envoyé","timestamp":"2022-04-01 03:04:47.619 PM"}
{"level":"info","message":"df sdfsf","timestamp":"2022-04-01 03:05:05.681 PM"}
{"level":"info","message":"mail bien envoyé","timestamp":"2022-04-01 03:05:07.698 PM"}
{"level":"info","message":"df sdfsf","timestamp":"2022-04-01 03:05:38.212 PM"}
{"level":"info","message":"mail bien envoyé","timestamp":"2022-04-01 03:05:40.235 PM"}
{"level":"info","message":"lucas","timestamp":"2022-04-01 03:05:52.730 PM"}
{"level":"info","message":"mail bien envoyé","timestamp":"2022-04-01 03:05:54.964 PM"}
{"level":"info","message":"lucas","timestamp":"2022-04-01 03:06:12.803 PM"}
{"level":"info","message":"mail bien envoyé","timestamp":"2022-04-01 03:06:15.528 PM"}
{"level":"info","message":"lucas","timestamp":"2022-04-01 03:06:50.834 PM"}
{"level":"info","message":"mail bien envoyé","timestamp":"2022-04-01 03:06:53.191 PM"}
{"level":"info","message":"lucas","timestamp":"2022-04-01 03:07:12.925 PM"}
{"level":"info","message":"lucas","timestamp":"2022-04-01 03:07:15.593 PM"}
{"level":"info","message":"mail bien envoyé","timestamp":"2022-04-01 03:07:15.764 PM"}
{"level":"info","message":"mail bien envoyé","timestamp":"2022-04-01 03:07:17.924 PM"}
{"level":"info","message":"lucas","timestamp":"2022-04-01 03:07:38.014 PM"}
{"level":"info","message":"lucas","timestamp":"2022-04-01 03:07:39.970 PM"}
{"level":"info","message":"mail bien envoyé","timestamp":"2022-04-01 03:07:40.089 PM"}
{"level":"info","message":"mail bien envoyé","timestamp":"2022-04-01 03:07:42.188 PM"}
{"level":"info","message":"Nephy","timestamp":"2022-04-01 03:08:00.280 PM"}
{"level":"info","message":"mail bien envoyé","timestamp":"2022-04-01 03:08:02.245 PM"}
{"level":"info","message":"Nephy","timestamp":"2022-04-01 03:08:40.785 PM"}
{"level":"info","message":"mail bien envoyé","timestamp":"2022-04-01 03:08:43.670 PM"}
{"level":"info","message":"Nephy","timestamp":"2022-04-01 03:09:52.740 PM"}
{"level":"info","message":"Nephy","timestamp":"2022-04-01 03:09:55.975 PM"}
{"level":"info","message":"mail bien envoyé","timestamp":"2022-04-01 03:09:56.079 PM"}
{"level":"info","message":"mail bien envoyé","timestamp":"2022-04-01 03:09:58.067 PM"}
{"level":"info","message":"lucas","timestamp":"2022-04-01 04:11:43.680 PM"}
{"level":"info","message":"mail bien envoyé","timestamp":"2022-04-01 04:12:04.007 PM"}
{"level":"info","message":"zn","timestamp":"2022-04-01 04:35:56.275 PM"}
{"level":"info","message":"mail bien envoyé","timestamp":"2022-04-01 04:36:16.498 PM"}
{"level":"info","message":"lucas","timestamp":"2022-04-01 04:39:48.744 PM"}
{"level":"info","message":"mail bien envoyé","timestamp":"2022-04-01 04:40:09.759 PM"}
{"level":"info","message":"jean-michel","timestamp":"2022-04-05 10:37:05.842 AM"}
{"level":"info","message":"mail bien envoyé","timestamp":"2022-04-05 10:37:12.093 AM"}
{"level":"info","message":"frsfqsdf","timestamp":"2022-04-05 10:38:19.785 AM"}
{"level":"info","message":"mail bien envoyé","timestamp":"2022-04-05 10:38:22.579 AM"}
{"level":"info","message":"jean-michel","timestamp":"2022-04-05 10:42:37.093 AM"}
{"level":"info","message":"mail bien envoyé","timestamp":"2022-04-05 10:42:39.437 AM"}
{"level":"info","message":"terox","timestamp":"2022-04-05 11:13:41.838 AM"}
{"level":"info","message":"mail bien envoyé","timestamp":"2022-04-05 11:13:43.657 AM"}
{"level":"info","message":"test","timestamp":"2022-04-05 01:39:08.516 PM"}
{"level":"info","message":"mail bien envoyé","timestamp":"2022-04-05 01:39:10.499 PM"}
{"level":"info","message":"test","timestamp":"2022-04-05 01:39:28.289 PM"}
{"level":"info","message":"mail bien envoyé","timestamp":"2022-04-05 01:39:30.027 PM"}
{"level":"info","message":"123","timestamp":"2022-04-05 01:40:03.002 PM"}
{"level":"info","message":"mail bien envoyé","timestamp":"2022-04-05 01:40:04.870 PM"}
{"level":"info","message":"lucas","timestamp":"2022-04-05 01:42:35.811 PM"}
{"level":"info","message":"mail bien envoyé","timestamp":"2022-04-05 01:42:37.502 PM"}
{"level":"info","message":"testpouryanick","timestamp":"2022-04-05 01:45:00.715 PM"}
{"level":"info","message":"mail bien envoyé","timestamp":"2022-04-05 01:45:02.577 PM"}
{"level":"info","message":"tamaman","timestamp":"2022-04-05 01:48:05.398 PM"}
{"level":"info","message":"mail bien envoyé","timestamp":"2022-04-05 01:48:07.331 PM"}
{"level":"info","message":"jgsiofdklgds","timestamp":"2022-04-05 01:49:01.369 PM"}
{"level":"info","message":"mail bien envoyé","timestamp":"2022-04-05 01:49:05.009 PM"}
{"level":"info","message":"lucas","timestamp":"2022-04-05 02:35:12.271 PM"}
{"level":"info","message":"mail bien envoyé","timestamp":"2022-04-05 02:35:15.185 PM"}
{"level":"info","message":"enzako_touko","timestamp":"2022-04-05 02:42:50.447 PM"}
{"level":"info","message":"mail bien envoyé","timestamp":"2022-04-05 02:42:52.351 PM"}
